app/build/outputs/logs/manifest-merger-debug-report.txt
-- Merging decision tree log ---
manifest
ADDED from src/main/AndroidManifest.xml:2:1-136:12
	package
		ADDED from src/main/AndroidManifest.xml:3:5-36
		INJECTED from src/main/AndroidManifest.xml
		INJECTED from src/main/AndroidManifest.xml
	android:versionName
		INJECTED from src/main/AndroidManifest.xml
		INJECTED from src/main/AndroidManifest.xml
	xmlns:android
		ADDED from src/main/AndroidManifest.xml:2:11-69
	android:versionCode
		INJECTED from src/main/AndroidManifest.xml
		INJECTED from src/main/AndroidManifest.xml
uses-permission#android.permission.INTERNET
ADDED from src/main/AndroidManifest.xml:5:5-83
MERGED from [com.urbanairship.android:urbanairship-sdk:7.1.5] AndroidManifest.xml:12:5-67
MERGED from [com.google.android.gms:play-services-gcm:8.4.0] AndroidManifest.xml:22:5-67
MERGED from [com.google.android.gms:play-services-measurement:8.4.0] AndroidManifest.xml:21:5-67
MERGED from [com.google.android.gms:play-services-maps:8.4.0] AndroidManifest.xml:21:5-66
	android:name
		ADDED from src/main/AndroidManifest.xml:5:22-64
uses-permission#android.permission.ACCESS_COARSE_LOCATION
ADDED from src/main/AndroidManifest.xml:6:5-81
	android:name
		ADDED from src/main/AndroidManifest.xml:6:22-78
uses-permission#android.permission.ACCESS_FINE_LOCATION
ADDED from src/main/AndroidManifest.xml:7:5-79
	android:name
		ADDED from src/main/AndroidManifest.xml:7:22-76
uses-permission#android.permission.READ_PHONE_STATE
ADDED from src/main/AndroidManifest.xml:8:5-75
	android:name
		ADDED from src/main/AndroidManifest.xml:8:22-72
uses-permission#android.permission.CALL_PHONE
ADDED from src/main/AndroidManifest.xml:9:5-69
	android:name
		ADDED from src/main/AndroidManifest.xml:9:22-66
uses-permission#android.permission.RECEIVE_SMS
ADDED from src/main/AndroidManifest.xml:10:5-86
	android:name
		ADDED from src/main/AndroidManifest.xml:10:22-67
uses-permission#android.permission.READ_SMS
ADDED from src/main/AndroidManifest.xml:11:5-67
	android:name
		ADDED from src/main/AndroidManifest.xml:11:22-64
uses-permission#android.permission.CAMERA
ADDED from src/main/AndroidManifest.xml:12:5-65
	android:name
		ADDED from src/main/AndroidManifest.xml:12:22-62
uses-permission#android.permission.READ_EXTERNAL_STORAGE
ADDED from src/main/AndroidManifest.xml:13:5-80
	android:name
		ADDED from src/main/AndroidManifest.xml:13:22-77
uses-permission#android.permission.WRITE_EXTERNAL_STORAGE
ADDED from src/main/AndroidManifest.xml:14:5-81
	android:name
		ADDED from src/main/AndroidManifest.xml:14:22-78
permission#com.esp.inkskill.permission.C2D_MESSAGE
ADDED from src/main/AndroidManifest.xml:16:5-18:47
	android:protectionLevel
		ADDED from src/main/AndroidManifest.xml:18:9-44
	android:name
		ADDED from src/main/AndroidManifest.xml:17:9-63
uses-permission#com.esp.inkskill.permission.C2D_MESSAGE
ADDED from src/main/AndroidManifest.xml:20:5-79
	android:name
		ADDED from src/main/AndroidManifest.xml:20:22-76
application
ADDED from src/main/AndroidManifest.xml:23:5-134:19
MERGED from [com.android.support:appcompat-v7:23.0.1] AndroidManifest.xml:22:5-20
MERGED from [com.android.support:support-v4:23.3.0] AndroidManifest.xml:22:5-20
MERGED from [com.urbanairship.android:urbanairship-sdk:7.1.5] AndroidManifest.xml:41:5-136:19
MERGED from [com.google.android.gms:play-services-gcm:8.4.0] AndroidManifest.xml:24:5-20
MERGED from [com.google.android.gms:play-services-basement:8.4.0] AndroidManifest.xml:20:5-24:19
MERGED from [com.android.support:support-v4:23.3.0] AndroidManifest.xml:22:5-20
MERGED from [com.google.android.gms:play-services-measurement:8.4.0] AndroidManifest.xml:26:5-46:19
MERGED from [com.google.android.gms:play-services-basement:8.4.0] AndroidManifest.xml:20:5-24:19
MERGED from [com.android.support:support-v4:23.3.0] AndroidManifest.xml:22:5-20
MERGED from [com.android.support:support-v4:23.3.0] AndroidManifest.xml:22:5-20
MERGED from [com.android.support:design:23.0.1] AndroidManifest.xml:22:5-20
MERGED from [com.android.support:support-v4:23.3.0] AndroidManifest.xml:22:5-20
MERGED from [com.android.support:appcompat-v7:23.0.1] AndroidManifest.xml:22:5-20
MERGED from [com.android.support:support-v4:23.3.0] AndroidManifest.xml:22:5-20
MERGED from [com.facebook.android:facebook-android-sdk:4.8.2] AndroidManifest.xml:28:5-20
MERGED from [com.android.support:support-v4:23.3.0] AndroidManifest.xml:22:5-20
MERGED from [com.google.android.gms:play-services-location:8.4.0] AndroidManifest.xml:19:5-20
MERGED from [com.google.android.gms:play-services-basement:8.4.0] AndroidManifest.xml:20:5-24:19
MERGED from [com.android.support:support-v4:23.3.0] AndroidManifest.xml:22:5-20
MERGED from [com.google.android.gms:play-services-maps:8.4.0] AndroidManifest.xml:27:5-20
MERGED from [com.google.android.gms:play-services-basement:8.4.0] AndroidManifest.xml:20:5-24:19
MERGED from [com.android.support:support-v4:23.3.0] AndroidManifest.xml:22:5-20
	android:label
		ADDED from src/main/AndroidManifest.xml:27:9-41
	android:supportsRtl
		ADDED from src/main/AndroidManifest.xml:28:9-35
	android:allowBackup
		ADDED from src/main/AndroidManifest.xml:25:9-35
	android:icon
		ADDED from src/main/AndroidManifest.xml:26:9-43
	android:theme
		ADDED from src/main/AndroidManifest.xml:29:9-40
	android:name
		ADDED from src/main/AndroidManifest.xml:24:9-40
activity#test.esp.com.alldemos.MainActivity
ADDED from src/main/AndroidManifest.xml:31:9-36:20
	android:name
		ADDED from src/main/AndroidManifest.xml:31:19-47
intent-filter#android.intent.action.MAIN+android.intent.category.LAUNCHER
ADDED from src/main/AndroidManifest.xml:32:13-35:29
action#android.intent.action.MAIN
ADDED from src/main/AndroidManifest.xml:33:17-69
	android:name
		ADDED from src/main/AndroidManifest.xml:33:25-66
category#android.intent.category.LAUNCHER
ADDED from src/main/AndroidManifest.xml:34:17-77
	android:name
		ADDED from src/main/AndroidManifest.xml:34:27-74
activity#test.esp.com.alldemos.database.DatabaseActivity
ADDED from src/main/AndroidManifest.xml:37:9-39:67
	android:windowSoftInputMode
		ADDED from src/main/AndroidManifest.xml:39:13-55
	android:name
		ADDED from src/main/AndroidManifest.xml:38:13-54
activity#test.esp.com.alldemos.ScrollviewInnerListview.ScrollviewInnerListviewActivity
ADDED from src/main/AndroidManifest.xml:40:9-102
	android:name
		ADDED from src/main/AndroidManifest.xml:40:19-90
activity#test.esp.com.alldemos.Drowing.DrowingActivity
ADDED from src/main/AndroidManifest.xml:41:9-70
	android:name
		ADDED from src/main/AndroidManifest.xml:41:19-58
activity#test.esp.com.alldemos.TickTock.TickTockRoundActivity
ADDED from src/main/AndroidManifest.xml:44:9-77
	android:name
		ADDED from src/main/AndroidManifest.xml:44:19-65
activity#test.esp.com.alldemos.NavigationDrawer.NavigationDrawerMainActivity
ADDED from src/main/AndroidManifest.xml:47:9-92
	android:name
		ADDED from src/main/AndroidManifest.xml:47:19-80
activity#test.esp.com.alldemos.CurrentLatLong.MyLocation
ADDED from src/main/AndroidManifest.xml:50:9-63
	android:name
		ADDED from src/main/AndroidManifest.xml:50:19-60
activity#test.esp.com.alldemos.StikkyList.StikkyListviewActivity
ADDED from src/main/AndroidManifest.xml:53:9-71
	android:name
		ADDED from src/main/AndroidManifest.xml:53:19-68
activity#test.esp.com.alldemos.Animation.MyAnimation
ADDED from src/main/AndroidManifest.xml:56:9-59
	android:name
		ADDED from src/main/AndroidManifest.xml:56:19-56
activity#test.esp.com.alldemos.FacebookList.FacebookFriendListActivity
ADDED from src/main/AndroidManifest.xml:58:9-98
	android:name
		ADDED from src/main/AndroidManifest.xml:58:19-95
activity#test.esp.com.alldemos.Shadow.ShadowActivity
ADDED from src/main/AndroidManifest.xml:59:9-59
	android:name
		ADDED from src/main/AndroidManifest.xml:59:19-56
activity#test.esp.com.alldemos.ServiceBase.StartStopService
ADDED from src/main/AndroidManifest.xml:60:9-66
	android:name
		ADDED from src/main/AndroidManifest.xml:60:19-63
activity#test.esp.com.alldemos.CamaraWithCrop.CamaraWithCropActivity
ADDED from src/main/AndroidManifest.xml:61:9-84
	android:name
		ADDED from src/main/AndroidManifest.xml:61:19-72
activity#test.esp.com.alldemos.CropImage.CropImage
ADDED from src/main/AndroidManifest.xml:62:9-64:52
	android:screenOrientation
		ADDED from src/main/AndroidManifest.xml:64:13-49
	android:name
		ADDED from src/main/AndroidManifest.xml:63:13-48
service#test.esp.com.alldemos.MyService
ADDED from src/main/AndroidManifest.xml:66:9-68:38
	android:enabled
		ADDED from src/main/AndroidManifest.xml:68:13-35
	android:name
		ADDED from src/main/AndroidManifest.xml:67:13-38
activity#test.esp.com.alldemos.ReceiverExample.BrodcastReceiverActivity
ADDED from src/main/AndroidManifest.xml:70:9-78
	android:name
		ADDED from src/main/AndroidManifest.xml:70:19-75
activity#test.esp.com.alldemos.ReceiverExample.LogReceiverActivity
ADDED from src/main/AndroidManifest.xml:71:9-73
	android:name
		ADDED from src/main/AndroidManifest.xml:71:19-70
activity#test.esp.com.alldemos.GetSpeed.GetSpeedActivity
ADDED from src/main/AndroidManifest.xml:72:9-63
	android:name
		ADDED from src/main/AndroidManifest.xml:72:19-60
activity#test.esp.com.alldemos.ScrollAndMoveImage.ScrollAndMoveActivity
ADDED from src/main/AndroidManifest.xml:73:9-75:53
	android:screenOrientation
		ADDED from src/main/AndroidManifest.xml:75:13-50
	android:name
		ADDED from src/main/AndroidManifest.xml:74:13-69
activity#test.esp.com.alldemos.ListViewWithSelected.ListviewWithSelected
ADDED from src/main/AndroidManifest.xml:77:9-79
	android:name
		ADDED from src/main/AndroidManifest.xml:77:19-76
receiver#test.esp.com.alldemos.ReceiverExample.LogReceiver
ADDED from src/main/AndroidManifest.xml:79:9-84:20
	android:name
		ADDED from src/main/AndroidManifest.xml:79:19-62
intent-filter#android.intent.action.PHONE_STATE+android.provider.Telephony.SMS_RECEIVED
ADDED from src/main/AndroidManifest.xml:80:13-83:29
	android:priority
		ADDED from src/main/AndroidManifest.xml:80:28-50
action#android.intent.action.PHONE_STATE
ADDED from src/main/AndroidManifest.xml:81:17-76
	android:name
		ADDED from src/main/AndroidManifest.xml:81:25-73
action#android.provider.Telephony.SMS_RECEIVED
ADDED from src/main/AndroidManifest.xml:82:17-82
	android:name
		ADDED from src/main/AndroidManifest.xml:82:25-79
receiver#com.urbanairship.CoreReceiver
ADDED from src/main/AndroidManifest.xml:88:9-66
MERGED from [com.urbanairship.android:urbanairship-sdk:7.1.5] AndroidManifest.xml:100:9-108:20
	android:exported
		ADDED from [com.urbanairship.android:urbanairship-sdk:7.1.5] AndroidManifest.xml:102:13-37
	android:name
		ADDED from src/main/AndroidManifest.xml:88:19-63
receiver#com.urbanairship.push.GcmPushReceiver
ADDED from src/main/AndroidManifest.xml:89:9-104:20
MERGED from [com.urbanairship.android:urbanairship-sdk:7.1.5] AndroidManifest.xml:109:9-118:20
	android:permission
		ADDED from src/main/AndroidManifest.xml:91:13-73
	android:name
		ADDED from src/main/AndroidManifest.xml:90:13-65
intent-filter#com.google.android.c2dm.intent.RECEIVE+com.google.android.c2dm.intent.REGISTRATION+test.esp.com.alldemos
ADDED from src/main/AndroidManifest.xml:92:13-97:29
action#com.google.android.c2dm.intent.RECEIVE
ADDED from src/main/AndroidManifest.xml:93:17-81
	android:name
		ADDED from src/main/AndroidManifest.xml:93:25-78
action#com.google.android.c2dm.intent.REGISTRATION
ADDED from src/main/AndroidManifest.xml:94:17-86
	android:name
		ADDED from src/main/AndroidManifest.xml:94:25-83
category#test.esp.com.alldemos
ADDED from src/main/AndroidManifest.xml:96:17-66
	android:name
		ADDED from src/main/AndroidManifest.xml:96:27-63
intent-filter#android.intent.action.PACKAGE_REPLACED
ADDED from src/main/AndroidManifest.xml:99:13-103:29
action#android.intent.action.PACKAGE_REPLACED
ADDED from src/main/AndroidManifest.xml:100:17-81
	android:name
		ADDED from src/main/AndroidManifest.xml:100:25-78
data
ADDED from src/main/AndroidManifest.xml:102:17-50
	android:scheme
		ADDED from src/main/AndroidManifest.xml:102:23-47
service#com.urbanairship.push.PushService
ADDED from src/main/AndroidManifest.xml:106:9-108:57
MERGED from [com.urbanairship.android:urbanairship-sdk:7.1.5] AndroidManifest.xml:81:9-83:57
	android:label
		ADDED from src/main/AndroidManifest.xml:108:13-54
	android:name
		ADDED from src/main/AndroidManifest.xml:107:13-61
service#com.urbanairship.analytics.EventService
ADDED from src/main/AndroidManifest.xml:109:9-111:45
MERGED from [com.urbanairship.android:urbanairship-sdk:7.1.5] AndroidManifest.xml:84:9-86:45
	android:label
		ADDED from src/main/AndroidManifest.xml:111:13-42
	android:name
		ADDED from src/main/AndroidManifest.xml:110:13-67
provider#com.urbanairship.UrbanAirshipProvider
ADDED from src/main/AndroidManifest.xml:113:9-116:43
MERGED from [com.urbanairship.android:urbanairship-sdk:7.1.5] AndroidManifest.xml:130:9-135:72
	android:authorities
		ADDED from src/main/AndroidManifest.xml:115:13-78
	android:multiprocess
		ADDED from src/main/AndroidManifest.xml:116:13-40
	android:exported
		ADDED from [com.urbanairship.android:urbanairship-sdk:7.1.5] AndroidManifest.xml:133:13-36
	android:permission
		ADDED from [com.urbanairship.android:urbanairship-sdk:7.1.5] AndroidManifest.xml:135:13-69
	android:name
		ADDED from src/main/AndroidManifest.xml:114:13-65
meta-data#com.facebook.sdk.ApplicationId
ADDED from src/main/AndroidManifest.xml:121:9-123:47
	android:value
		ADDED from src/main/AndroidManifest.xml:123:13-44
	android:name
		ADDED from src/main/AndroidManifest.xml:122:13-58
provider#com.facebook.FacebookContentProvider
ADDED from src/main/AndroidManifest.xml:124:9-127:39
	android:authorities
		ADDED from src/main/AndroidManifest.xml:126:13-90
	android:exported
		ADDED from src/main/AndroidManifest.xml:127:13-36
	android:name
		ADDED from src/main/AndroidManifest.xml:125:13-64
activity#com.facebook.FacebookActivity
ADDED from src/main/AndroidManifest.xml:128:9-132:75
	android:label
		ADDED from src/main/AndroidManifest.xml:131:13-45
	android:configChanges
		ADDED from src/main/AndroidManifest.xml:130:13-96
	android:theme
		ADDED from src/main/AndroidManifest.xml:132:13-72
	android:name
		ADDED from src/main/AndroidManifest.xml:129:13-57
uses-sdk
INJECTED from src/main/AndroidManifest.xml reason: use-sdk injection requested
MERGED from [com.android.support:appcompat-v7:23.0.1] AndroidManifest.xml:20:5-43
MERGED from [com.android.support:support-v4:23.3.0] AndroidManifest.xml:20:5-43
MERGED from [com.urbanairship.android:urbanairship-sdk:7.1.5] AndroidManifest.xml:8:5-10:41
MERGED from [com.google.android.gms:play-services-gcm:8.4.0] AndroidManifest.xml:18:5-42
MERGED from [com.google.android.gms:play-services-base:8.4.0] AndroidManifest.xml:18:5-42
MERGED from [com.google.android.gms:play-services-basement:8.4.0] AndroidManifest.xml:18:5-42
MERGED from [com.android.support:support-v4:23.3.0] AndroidManifest.xml:20:5-43
MERGED from [com.google.android.gms:play-services-measurement:8.4.0] AndroidManifest.xml:18:5-42
MERGED from [com.google.android.gms:play-services-basement:8.4.0] AndroidManifest.xml:18:5-42
MERGED from [com.android.support:support-v4:23.3.0] AndroidManifest.xml:20:5-43
MERGED from [com.android.support:support-v4:23.3.0] AndroidManifest.xml:20:5-43
MERGED from [com.android.support:design:23.0.1] AndroidManifest.xml:20:5-43
MERGED from [com.android.support:support-v4:23.3.0] AndroidManifest.xml:20:5-43
MERGED from [com.android.support:appcompat-v7:23.0.1] AndroidManifest.xml:20:5-43
MERGED from [com.android.support:support-v4:23.3.0] AndroidManifest.xml:20:5-43
MERGED from [com.facebook.android:facebook-android-sdk:4.8.2] AndroidManifest.xml:24:5-26:41
MERGED from [com.android.support:support-v4:23.3.0] AndroidManifest.xml:20:5-43
MERGED from [com.android.support:multidex:1.0.1] AndroidManifest.xml:18:5-42
MERGED from [com.google.android.gms:play-services-location:8.4.0] AndroidManifest.xml:18:5-42
MERGED from [com.google.android.gms:play-services-base:8.4.0] AndroidManifest.xml:18:5-42
MERGED from [com.google.android.gms:play-services-basement:8.4.0] AndroidManifest.xml:18:5-42
MERGED from [com.android.support:support-v4:23.3.0] AndroidManifest.xml:20:5-43
MERGED from [com.google.android.gms:play-services-maps:8.4.0] AndroidManifest.xml:26:5-42
MERGED from [com.google.android.gms:play-services-base:8.4.0] AndroidManifest.xml:18:5-42
MERGED from [com.google.android.gms:play-services-basement:8.4.0] AndroidManifest.xml:18:5-42
MERGED from [com.android.support:support-v4:23.3.0] AndroidManifest.xml:20:5-43
	android:targetSdkVersion
		INJECTED from src/main/AndroidManifest.xml
		INJECTED from src/main/AndroidManifest.xml
	android:minSdkVersion
		INJECTED from src/main/AndroidManifest.xml
		INJECTED from src/main/AndroidManifest.xml
uses-permission#android.permission.ACCESS_NETWORK_STATE
ADDED from [com.urbanairship.android:urbanairship-sdk:7.1.5] AndroidManifest.xml:13:5-79
MERGED from [com.google.android.gms:play-services-measurement:8.4.0] AndroidManifest.xml:22:5-79
MERGED from [com.google.android.gms:play-services-maps:8.4.0] AndroidManifest.xml:20:5-78
	android:name
		ADDED from [com.urbanairship.android:urbanairship-sdk:7.1.5] AndroidManifest.xml:13:22-76
uses-permission#android.permission.WAKE_LOCK
ADDED from [com.urbanairship.android:urbanairship-sdk:7.1.5] AndroidManifest.xml:14:5-68
MERGED from [com.google.android.gms:play-services-measurement:8.4.0] AndroidManifest.xml:24:5-67
	android:name
		ADDED from [com.urbanairship.android:urbanairship-sdk:7.1.5] AndroidManifest.xml:14:22-65
uses-permission#android.permission.VIBRATE
ADDED from [com.urbanairship.android:urbanairship-sdk:7.1.5] AndroidManifest.xml:15:5-66
	android:name
		ADDED from [com.urbanairship.android:urbanairship-sdk:7.1.5] AndroidManifest.xml:15:22-63
permission#${applicationId}.permission.UA_DATA
ADDED from [com.urbanairship.android:urbanairship-sdk:7.1.5] AndroidManifest.xml:17:5-19:47
	android:protectionLevel
		ADDED from [com.urbanairship.android:urbanairship-sdk:7.1.5] AndroidManifest.xml:19:9-44
	android:name
		ADDED from [com.urbanairship.android:urbanairship-sdk:7.1.5] AndroidManifest.xml:18:9-59
uses-permission#${applicationId}.permission.UA_DATA
ADDED from [com.urbanairship.android:urbanairship-sdk:7.1.5] AndroidManifest.xml:21:5-75
	android:name
		ADDED from [com.urbanairship.android:urbanairship-sdk:7.1.5] AndroidManifest.xml:21:22-72
uses-permission#com.google.android.c2dm.permission.RECEIVE
ADDED from [com.urbanairship.android:urbanairship-sdk:7.1.5] AndroidManifest.xml:24:5-82
MERGED from [com.google.android.gms:play-services-gcm:8.4.0] AndroidManifest.xml:21:5-82
	android:name
		ADDED from [com.urbanairship.android:urbanairship-sdk:7.1.5] AndroidManifest.xml:24:22-79
permission#${applicationId}.permission.C2D_MESSAGE
ADDED from [com.urbanairship.android:urbanairship-sdk:7.1.5] AndroidManifest.xml:26:5-28:47
	android:protectionLevel
		ADDED from [com.urbanairship.android:urbanairship-sdk:7.1.5] AndroidManifest.xml:28:9-44
	android:name
		ADDED from [com.urbanairship.android:urbanairship-sdk:7.1.5] AndroidManifest.xml:27:9-63
uses-permission#${applicationId}.permission.C2D_MESSAGE
ADDED from [com.urbanairship.android:urbanairship-sdk:7.1.5] AndroidManifest.xml:30:5-79
	android:name
		ADDED from [com.urbanairship.android:urbanairship-sdk:7.1.5] AndroidManifest.xml:30:22-76
uses-permission#com.amazon.device.messaging.permission.RECEIVE
ADDED from [com.urbanairship.android:urbanairship-sdk:7.1.5] AndroidManifest.xml:33:5-86
	android:name
		ADDED from [com.urbanairship.android:urbanairship-sdk:7.1.5] AndroidManifest.xml:33:22-83
permission#${applicationId}.permission.RECEIVE_ADM_MESSAGE
ADDED from [com.urbanairship.android:urbanairship-sdk:7.1.5] AndroidManifest.xml:35:5-37:47
	android:protectionLevel
		ADDED from [com.urbanairship.android:urbanairship-sdk:7.1.5] AndroidManifest.xml:37:9-44
	android:name
		ADDED from [com.urbanairship.android:urbanairship-sdk:7.1.5] AndroidManifest.xml:36:9-71
uses-permission#${applicationId}.permission.RECEIVE_ADM_MESSAGE
ADDED from [com.urbanairship.android:urbanairship-sdk:7.1.5] AndroidManifest.xml:39:5-87
	android:name
		ADDED from [com.urbanairship.android:urbanairship-sdk:7.1.5] AndroidManifest.xml:39:22-84
amazon:enable-feature
ADDED from [com.urbanairship.android:urbanairship-sdk:7.1.5] AndroidManifest.xml:44:9-46:40
	android:required
		ADDED from [com.urbanairship.android:urbanairship-sdk:7.1.5] AndroidManifest.xml:46:13-37
	android:name
		ADDED from [com.urbanairship.android:urbanairship-sdk:7.1.5] AndroidManifest.xml:45:13-55
activity#com.urbanairship.actions.ActionActivity
ADDED from [com.urbanairship.android:urbanairship-sdk:7.1.5] AndroidManifest.xml:48:9-50:75
	android:theme
		ADDED from [com.urbanairship.android:urbanairship-sdk:7.1.5] AndroidManifest.xml:50:13-72
	android:name
		ADDED from [com.urbanairship.android:urbanairship-sdk:7.1.5] AndroidManifest.xml:49:13-67
activity#com.urbanairship.CoreActivity
ADDED from [com.urbanairship.android:urbanairship-sdk:7.1.5] AndroidManifest.xml:51:9-66
	android:name
		ADDED from [com.urbanairship.android:urbanairship-sdk:7.1.5] AndroidManifest.xml:51:19-63
activity#com.urbanairship.google.PlayServicesErrorActivity
ADDED from [com.urbanairship.android:urbanairship-sdk:7.1.5] AndroidManifest.xml:52:9-54:75
	android:theme
		ADDED from [com.urbanairship.android:urbanairship-sdk:7.1.5] AndroidManifest.xml:54:13-72
	android:name
		ADDED from [com.urbanairship.android:urbanairship-sdk:7.1.5] AndroidManifest.xml:53:13-77
activity#com.urbanairship.messagecenter.MessageActivity
ADDED from [com.urbanairship.android:urbanairship-sdk:7.1.5] AndroidManifest.xml:55:9-83
	android:name
		ADDED from [com.urbanairship.android:urbanairship-sdk:7.1.5] AndroidManifest.xml:55:19-80
activity#com.urbanairship.messagecenter.MessageCenterActivity
ADDED from [com.urbanairship.android:urbanairship-sdk:7.1.5] AndroidManifest.xml:56:9-58:63
	android:label
		ADDED from [com.urbanairship.android:urbanairship-sdk:7.1.5] AndroidManifest.xml:58:13-60
	android:name
		ADDED from [com.urbanairship.android:urbanairship-sdk:7.1.5] AndroidManifest.xml:57:13-80
activity#com.urbanairship.actions.LandingPageActivity
ADDED from [com.urbanairship.android:urbanairship-sdk:7.1.5] AndroidManifest.xml:59:9-79:20
	android:exported
		ADDED from [com.urbanairship.android:urbanairship-sdk:7.1.5] AndroidManifest.xml:61:13-37
	android:theme
		ADDED from [com.urbanairship.android:urbanairship-sdk:7.1.5] AndroidManifest.xml:62:13-52
	android:name
		ADDED from [com.urbanairship.android:urbanairship-sdk:7.1.5] AndroidManifest.xml:60:13-72
meta-data#com.urbanairship.action.LANDING_PAGE_VIEW
ADDED from [com.urbanairship.android:urbanairship-sdk:7.1.5] AndroidManifest.xml:63:13-65:71
	android:resource
		ADDED from [com.urbanairship.android:urbanairship-sdk:7.1.5] AndroidManifest.xml:65:17-68
	android:name
		ADDED from [com.urbanairship.android:urbanairship-sdk:7.1.5] AndroidManifest.xml:64:17-73
meta-data#com.urbanairship.push.iam.EXCLUDE_FROM_AUTO_SHOW
ADDED from [com.urbanairship.android:urbanairship-sdk:7.1.5] AndroidManifest.xml:66:13-68:40
	android:value
		ADDED from [com.urbanairship.android:urbanairship-sdk:7.1.5] AndroidManifest.xml:68:17-37
	android:name
		ADDED from [com.urbanairship.android:urbanairship-sdk:7.1.5] AndroidManifest.xml:67:17-80
intent-filter#android.intent.category.DEFAULT+com.urbanairship.actions.SHOW_LANDING_PAGE_INTENT_ACTION
ADDED from [com.urbanairship.android:urbanairship-sdk:7.1.5] AndroidManifest.xml:70:13-78:29
action#com.urbanairship.actions.SHOW_LANDING_PAGE_INTENT_ACTION
ADDED from [com.urbanairship.android:urbanairship-sdk:7.1.5] AndroidManifest.xml:71:17-99
	android:name
		ADDED from [com.urbanairship.android:urbanairship-sdk:7.1.5] AndroidManifest.xml:71:25-96
category#android.intent.category.DEFAULT
ADDED from [com.urbanairship.android:urbanairship-sdk:7.1.5] AndroidManifest.xml:77:17-76
	android:name
		ADDED from [com.urbanairship.android:urbanairship-sdk:7.1.5] AndroidManifest.xml:77:27-73
service#com.urbanairship.actions.ActionService
ADDED from [com.urbanairship.android:urbanairship-sdk:7.1.5] AndroidManifest.xml:87:9-74
	android:name
		ADDED from [com.urbanairship.android:urbanairship-sdk:7.1.5] AndroidManifest.xml:87:18-71
service#com.urbanairship.richpush.RichPushUpdateService
ADDED from [com.urbanairship.android:urbanairship-sdk:7.1.5] AndroidManifest.xml:88:9-83
	android:name
		ADDED from [com.urbanairship.android:urbanairship-sdk:7.1.5] AndroidManifest.xml:88:18-80
service#com.urbanairship.location.LocationService
ADDED from [com.urbanairship.android:urbanairship-sdk:7.1.5] AndroidManifest.xml:89:9-91:48
	android:label
		ADDED from [com.urbanairship.android:urbanairship-sdk:7.1.5] AndroidManifest.xml:91:13-45
	android:name
		ADDED from [com.urbanairship.android:urbanairship-sdk:7.1.5] AndroidManifest.xml:90:13-69
service#com.urbanairship.push.UAInstanceIDListenerService
ADDED from [com.urbanairship.android:urbanairship-sdk:7.1.5] AndroidManifest.xml:92:9-98:19
	android:exported
		ADDED from [com.urbanairship.android:urbanairship-sdk:7.1.5] AndroidManifest.xml:94:13-37
	android:name
		ADDED from [com.urbanairship.android:urbanairship-sdk:7.1.5] AndroidManifest.xml:93:13-77
intent-filter#com.google.android.gms.iid.InstanceID
ADDED from [com.urbanairship.android:urbanairship-sdk:7.1.5] AndroidManifest.xml:95:13-97:29
action#com.google.android.gms.iid.InstanceID
ADDED from [com.urbanairship.android:urbanairship-sdk:7.1.5] AndroidManifest.xml:96:17-80
	android:name
		ADDED from [com.urbanairship.android:urbanairship-sdk:7.1.5] AndroidManifest.xml:96:25-77
intent-filter#${applicationId}+com.urbanairship.push.OPENED
ADDED from [com.urbanairship.android:urbanairship-sdk:7.1.5] AndroidManifest.xml:103:13-107:29
	android:priority
		ADDED from [com.urbanairship.android:urbanairship-sdk:7.1.5] AndroidManifest.xml:103:28-51
action#com.urbanairship.push.OPENED
ADDED from [com.urbanairship.android:urbanairship-sdk:7.1.5] AndroidManifest.xml:104:17-71
	android:name
		ADDED from [com.urbanairship.android:urbanairship-sdk:7.1.5] AndroidManifest.xml:104:25-68
category#${applicationId}
ADDED from [com.urbanairship.android:urbanairship-sdk:7.1.5] AndroidManifest.xml:106:17-61
	android:name
		ADDED from [com.urbanairship.android:urbanairship-sdk:7.1.5] AndroidManifest.xml:106:27-58
receiver#com.urbanairship.push.AdmPushReceiver
ADDED from [com.urbanairship.android:urbanairship-sdk:7.1.5] AndroidManifest.xml:119:9-128:20
	android:permission
		ADDED from [com.urbanairship.android:urbanairship-sdk:7.1.5] AndroidManifest.xml:121:13-77
	android:name
		ADDED from [com.urbanairship.android:urbanairship-sdk:7.1.5] AndroidManifest.xml:120:13-65
intent-filter#${applicationId}+com.amazon.device.messaging.intent.RECEIVE+com.amazon.device.messaging.intent.REGISTRATION
ADDED from [com.urbanairship.android:urbanairship-sdk:7.1.5] AndroidManifest.xml:122:13-127:29
action#com.amazon.device.messaging.intent.REGISTRATION
ADDED from [com.urbanairship.android:urbanairship-sdk:7.1.5] AndroidManifest.xml:123:17-90
	android:name
		ADDED from [com.urbanairship.android:urbanairship-sdk:7.1.5] AndroidManifest.xml:123:25-87
action#com.amazon.device.messaging.intent.RECEIVE
ADDED from [com.urbanairship.android:urbanairship-sdk:7.1.5] AndroidManifest.xml:124:17-85
	android:name
		ADDED from [com.urbanairship.android:urbanairship-sdk:7.1.5] AndroidManifest.xml:124:25-82
meta-data#com.google.android.gms.version
ADDED from [com.google.android.gms:play-services-basement:8.4.0] AndroidManifest.xml:21:9-23:69
MERGED from [com.google.android.gms:play-services-basement:8.4.0] AndroidManifest.xml:21:9-23:69
MERGED from [com.google.android.gms:play-services-basement:8.4.0] AndroidManifest.xml:21:9-23:69
MERGED from [com.google.android.gms:play-services-basement:8.4.0] AndroidManifest.xml:21:9-23:69
	android:value
		ADDED from [com.google.android.gms:play-services-basement:8.4.0] AndroidManifest.xml:23:13-66
	android:name
		ADDED from [com.google.android.gms:play-services-basement:8.4.0] AndroidManifest.xml:22:13-58
provider#com.google.android.gms.measurement.AppMeasurementContentProvider
ADDED from [com.google.android.gms:play-services-measurement:8.4.0] AndroidManifest.xml:28:7-31:37
	android:authorities
		ADDED from [com.google.android.gms:play-services-measurement:8.4.0] AndroidManifest.xml:29:11-76
	android:exported
		ADDED from [com.google.android.gms:play-services-measurement:8.4.0] AndroidManifest.xml:31:11-35
	android:name
		ADDED from [com.google.android.gms:play-services-measurement:8.4.0] AndroidManifest.xml:30:11-90
receiver#com.google.android.gms.measurement.AppMeasurementReceiver
ADDED from [com.google.android.gms:play-services-measurement:8.4.0] AndroidManifest.xml:33:7-39:18
	android:enabled
		ADDED from [com.google.android.gms:play-services-measurement:8.4.0] AndroidManifest.xml:35:11-33
	android:name
		ADDED from [com.google.android.gms:play-services-measurement:8.4.0] AndroidManifest.xml:34:11-83
intent-filter#com.google.android.gms.measurement.UPLOAD
ADDED from [com.google.android.gms:play-services-measurement:8.4.0] AndroidManifest.xml:36:9-38:25
action#com.google.android.gms.measurement.UPLOAD
ADDED from [com.google.android.gms:play-services-measurement:8.4.0] AndroidManifest.xml:37:11-77
	android:name
		ADDED from [com.google.android.gms:play-services-measurement:8.4.0] AndroidManifest.xml:37:19-75
service#com.google.android.gms.measurement.AppMeasurementService
ADDED from [com.google.android.gms:play-services-measurement:8.4.0] AndroidManifest.xml:41:7-44:37
	android:enabled
		ADDED from [com.google.android.gms:play-services-measurement:8.4.0] AndroidManifest.xml:43:11-33
	android:exported
		ADDED from [com.google.android.gms:play-services-measurement:8.4.0] AndroidManifest.xml:44:11-35
	android:name
		ADDED from [com.google.android.gms:play-services-measurement:8.4.0] AndroidManifest.xml:42:11-82
uses-feature#0x00020000
ADDED from [com.google.android.gms:play-services-maps:8.4.0] AndroidManifest.xml:22:5-24:33
	android:glEsVersion